2026-03-07 12:25:53,685 - mmseg - INFO - Environment info:
------------------------------------------------------------
sys.platform: win32
Python: 3.8.20 (default, Oct  3 2024, 15:19:54) [MSC v.1929 64 bit (AMD64)]
CUDA available: True
GPU 0: NVIDIA GeForce RTX 3060 Laptop GPU
CUDA_HOME: C:\Program Files\NVIDIA GPU Computing Toolkit\CUDA\v11.3
NVCC: Cuda compilation tools, release 11.3, V11.3.58
MSVC: 痰黨 x64 돨 Microsoft (R) C/C++ 膽뺏긍陋포 19.43.34809 경
GCC: n/a
PyTorch: 2.0.0+cu118
PyTorch compiling details: PyTorch built with:
  - C++ Version: 199711
  - MSVC 193431937
  - Intel(R) Math Kernel Library Version 2020.0.2 Product Build 20200624 for Intel(R) 64 architecture applications
  - Intel(R) MKL-DNN v2.7.3 (Git Hash 6dbeffbae1f23cbbeae17adb7b5b13f1f37c080e)
  - OpenMP 2019
  - LAPACK is enabled (usually provided by MKL)
  - CPU capability usage: AVX2
  - CUDA Runtime 11.8
  - NVCC architecture flags: -gencode;arch=compute_37,code=sm_37;-gencode;arch=compute_50,code=sm_50;-gencode;arch=compute_60,code=sm_60;-gencode;arch=compute_61,code=sm_61;-gencode;arch=compute_70,code=sm_70;-gencode;arch=compute_75,code=sm_75;-gencode;arch=compute_80,code=sm_80;-gencode;arch=compute_86,code=sm_86;-gencode;arch=compute_90,code=sm_90;-gencode;arch=compute_37,code=compute_37
  - CuDNN 8.7
  - Magma 2.5.4
  - Build settings: BLAS_INFO=mkl, BUILD_TYPE=Release, CUDA_VERSION=11.8, CUDNN_VERSION=8.7.0, CXX_COMPILER=C:/actions-runner/_work/pytorch/pytorch/builder/windows/tmp_bin/sccache-cl.exe, CXX_FLAGS=/DWIN32 /D_WINDOWS /GR /EHsc /w /bigobj /FS -DUSE_PTHREADPOOL -DNDEBUG -DUSE_KINETO -DLIBKINETO_NOCUPTI -DLIBKINETO_NOROCTRACER -DUSE_FBGEMM -DUSE_XNNPACK -DSYMBOLICATE_MOBILE_DEBUG_HANDLE, LAPACK_INFO=mkl, PERF_WITH_AVX=1, PERF_WITH_AVX2=1, PERF_WITH_AVX512=1, TORCH_DISABLE_GPU_ASSERTS=OFF, TORCH_VERSION=2.0.0, USE_CUDA=ON, USE_CUDNN=ON, USE_EXCEPTION_PTR=1, USE_GFLAGS=OFF, USE_GLOG=OFF, USE_MKL=ON, USE_MKLDNN=ON, USE_MPI=OFF, USE_NCCL=OFF, USE_NNPACK=OFF, USE_OPENMP=ON, USE_ROCM=OFF, 

TorchVision: 0.15.1+cu118
OpenCV: 4.12.0
MMCV: 1.7.2
MMCV Compiler: MSVC 192930148
MMCV CUDA Compiler: 11.8
MMSegmentation: 0.19.0+d4a3935
------------------------------------------------------------

2026-03-07 12:25:53,686 - mmseg - INFO - Distributed training: False
2026-03-07 12:25:54,374 - mmseg - INFO - Config:
log_config = dict(
    interval=50, hooks=[dict(type='TextLoggerHook', by_epoch=False)])
dist_params = dict(backend='nccl')
log_level = 'INFO'
load_from = None
resume_from = None
workflow = [('train', 1)]
cudnn_benchmark = True
find_unused_parameters = True
optimizer = dict(type='AdamW', lr=0.0001, weight_decay=0.0001)
optimizer_config = dict()
lr_config = dict(
    policy='poly',
    power=0.9,
    min_lr=1e-06,
    by_epoch=False,
    warmup='linear',
    warmup_iters=1500,
    warmup_ratio=1e-06)
runner = dict(type='IterBasedRunner', max_iters=80000)
checkpoint_config = dict(by_epoch=False, interval=4000)
evaluation = dict(interval=4000, metric='mIoU', save_best='mIoU')
custom_imports = dict(
    imports=['mmseg_custom.datasets.deepfake'], allow_failed_imports=False)
data_root = 'F:\python_program\deepfake\DenseCLIP-master\data\ade\DeepfakeDataset'
dataset_type = 'DeepfakeDataset'
img_norm_cfg = dict(
    mean=[122.7709383, 116.7460125, 104.09373615000001],
    std=[68.5005327, 66.6321579, 70.32316304999999],
    to_rgb=True)
train_pipeline = [
    dict(type='LoadImageFromFile'),
    dict(type='LoadAnnotations', reduce_zero_label=False),
    dict(type='ForceBinaryLabels', threshold=127),
    dict(type='Resize', img_scale=(299, 299), ratio_range=(0.75, 1.25)),
    dict(type='RandomCrop', crop_size=(299, 299), cat_max_ratio=0.75),
    dict(type='RandomFlip', prob=0.5),
    dict(type='PhotoMetricDistortion'),
    dict(
        type='Normalize',
        mean=[122.7709383, 116.7460125, 104.09373615000001],
        std=[68.5005327, 66.6321579, 70.32316304999999],
        to_rgb=True),
    dict(type='Pad', size=(320, 320), pad_val=0, seg_pad_val=255),
    dict(type='DefaultFormatBundle'),
    dict(
        type='Collect',
        keys=['img', 'gt_semantic_seg'],
        meta_keys=[
            'filename', 'ori_shape', 'img_shape', 'pad_shape', 'scale_factor',
            'flip', 'flip_direction', 'text_prompts'
        ])
]
test_pipeline = [
    dict(type='LoadImageFromFile'),
    dict(
        type='MultiScaleFlipAug',
        img_scale=(299, 299),
        flip=False,
        transforms=[
            dict(type='Resize', keep_ratio=True),
            dict(
                type='Normalize',
                mean=[122.7709383, 116.7460125, 104.09373615000001],
                std=[68.5005327, 66.6321579, 70.32316304999999],
                to_rgb=True),
            dict(type='Pad', size=(320, 320), pad_val=0, seg_pad_val=255),
            dict(type='ImageToTensor', keys=['img']),
            dict(
                type='Collect',
                keys=['img'],
                meta_keys=[
                    'filename', 'ori_shape', 'img_shape', 'pad_shape',
                    'scale_factor', 'flip', 'flip_direction', 'text_prompts'
                ])
        ])
]
data = dict(
    samples_per_gpu=8,
    workers_per_gpu=8,
    train=dict(
        type='DeepfakeDataset',
        data_root=
        'F:\python_program\deepfake\DenseCLIP-master\data\ade\DeepfakeDataset',
        img_dir='images/training',
        ann_dir='annotations/training',
        text_json_path=
        'F:\python_program\deepfake\DenseCLIP-master\data\ade\DeepfakeDataset/text_infos/train_text.json',
        pipeline=[
            dict(type='LoadImageFromFile'),
            dict(type='LoadAnnotations', reduce_zero_label=False),
            dict(type='ForceBinaryLabels', threshold=127),
            dict(
                type='Resize', img_scale=(299, 299), ratio_range=(0.75, 1.25)),
            dict(type='RandomCrop', crop_size=(299, 299), cat_max_ratio=0.75),
            dict(type='RandomFlip', prob=0.5),
            dict(type='PhotoMetricDistortion'),
            dict(
                type='Normalize',
                mean=[122.7709383, 116.7460125, 104.09373615000001],
                std=[68.5005327, 66.6321579, 70.32316304999999],
                to_rgb=True),
            dict(type='Pad', size=(320, 320), pad_val=0, seg_pad_val=255),
            dict(type='DefaultFormatBundle'),
            dict(
                type='Collect',
                keys=['img', 'gt_semantic_seg'],
                meta_keys=[
                    'filename', 'ori_shape', 'img_shape', 'pad_shape',
                    'scale_factor', 'flip', 'flip_direction', 'text_prompts'
                ])
        ]),
    val=dict(
        type='DeepfakeDataset',
        data_root=
        'F:\python_program\deepfake\DenseCLIP-master\data\ade\DeepfakeDataset',
        img_dir='images/validation',
        ann_dir='annotations/validation',
        text_json_path=
        'F:\python_program\deepfake\DenseCLIP-master\data\ade\DeepfakeDataset/text_infos/val_text.json',
        pipeline=[
            dict(type='LoadImageFromFile'),
            dict(
                type='MultiScaleFlipAug',
                img_scale=(299, 299),
                flip=False,
                transforms=[
                    dict(type='Resize', keep_ratio=True),
                    dict(
                        type='Normalize',
                        mean=[122.7709383, 116.7460125, 104.09373615000001],
                        std=[68.5005327, 66.6321579, 70.32316304999999],
                        to_rgb=True),
                    dict(
                        type='Pad',
                        size=(320, 320),
                        pad_val=0,
                        seg_pad_val=255),
                    dict(type='ImageToTensor', keys=['img']),
                    dict(
                        type='Collect',
                        keys=['img'],
                        meta_keys=[
                            'filename', 'ori_shape', 'img_shape', 'pad_shape',
                            'scale_factor', 'flip', 'flip_direction',
                            'text_prompts'
                        ])
                ])
        ]),
    test=dict(
        type='DeepfakeDataset',
        data_root=
        'F:\python_program\deepfake\DenseCLIP-master\data\ade\DeepfakeDataset',
        img_dir='images/validation',
        ann_dir='annotations/validation',
        text_json_path=
        'F:\python_program\deepfake\DenseCLIP-master\data\ade\DeepfakeDataset/text_infos/val_text.json',
        pipeline=[
            dict(type='LoadImageFromFile'),
            dict(
                type='MultiScaleFlipAug',
                img_scale=(299, 299),
                flip=False,
                transforms=[
                    dict(type='Resize', keep_ratio=True),
                    dict(
                        type='Normalize',
                        mean=[122.7709383, 116.7460125, 104.09373615000001],
                        std=[68.5005327, 66.6321579, 70.32316304999999],
                        to_rgb=True),
                    dict(
                        type='Pad',
                        size=(320, 320),
                        pad_val=0,
                        seg_pad_val=255),
                    dict(type='ImageToTensor', keys=['img']),
                    dict(
                        type='Collect',
                        keys=['img'],
                        meta_keys=[
                            'filename', 'ori_shape', 'img_shape', 'pad_shape',
                            'scale_factor', 'flip', 'flip_direction',
                            'text_prompts'
                        ])
                ])
        ]))
model = dict(
    type='DenseCLIP',
    pretrained='F:\python_program\deepfake\DenseCLIP-master\pretrained\RN50.pt',
    class_names=['real', 'fake'],
    text_head=True,
    context_length=5,
    backbone=dict(
        type='CLIPResNetWithAttention',
        layers=[3, 4, 6, 3],
        style='pytorch',
        input_resolution=320),
    text_encoder=dict(
        type='CLIPTextContextEncoder', context_length=77, style='pytorch'),
    context_decoder=dict(
        type='ContextDecoder',
        context_length=16,
        transformer_width=256,
        transformer_heads=4,
        transformer_layers=6,
        visual_dim=1024,
        dropout=0.1,
        outdim=512,
        style='pytorch'),
    neck=dict(
        type='FPN',
        in_channels=[256, 512, 1024, 2050],
        out_channels=256,
        num_outs=4),
    decode_head=dict(
        type='TextGuidedFPNHead',
        in_channels=[256, 256, 256, 256],
        in_index=[0, 1, 2, 3],
        feature_strides=[4, 8, 16, 32],
        channels=256,
        dropout_ratio=0.1,
        num_classes=2,
        norm_cfg=dict(type='BN', requires_grad=True),
        align_corners=False,
        ignore_index=255,
        loss_decode=[
            dict(
                type='FocalLoss',
                use_sigmoid=True,
                gamma=2.0,
                alpha=0.75,
                loss_weight=1.0),
            dict(type='DiceLoss', loss_weight=0.5)
        ]),
    identity_head=dict(
        type='IdentityHead',
        in_channels=2,
        channels=2,
        num_classes=2,
        norm_cfg=dict(type='BN', requires_grad=True),
        ignore_index=255,
        loss_decode=[
            dict(
                type='FocalLoss',
                use_sigmoid=True,
                gamma=2.0,
                alpha=0.75,
                loss_weight=1.0),
            dict(type='DiceLoss', loss_weight=0.5)
        ]),
    test_cfg=dict(mode='whole'))
work_dir = './work_dirs\denseclip_deepfake_r50'
gpu_ids = range(0, 1)

2026-03-07 12:25:54,455 - mmseg - INFO - Loaded 2681 images
